#
# There is insufficient memory for the Java Runtime Environment to continue.
# Native memory allocation (malloc) failed to allocate 1073296 bytes for Chunk::new
# Possible reasons:
#   The system is out of physical RAM or swap space
#   The process is running with CompressedOops enabled, and the Java Heap may be blocking the growth of the native heap
# Possible solutions:
#   Reduce memory load on the system
#   Increase physical memory or swap space
#   Check if swap backing store is full
#   Decrease Java heap size (-Xmx/-Xms)
#   Decrease number of Java threads
#   Decrease Java thread stack sizes (-Xss)
#   Set larger code cache with -XX:ReservedCodeCacheSize=
#   JVM is running with Unscaled Compressed Oops mode in which the Java heap is
#     placed in the first 4GB address space. The Java Heap base address is the
#     maximum limit for the native heap growth. Please use -XX:HeapBaseMinAddress
#     to set the Java Heap base and to place the Java Heap above 4GB virtual address.
# This output file may be truncated or incomplete.
#
#  Out of Memory Error (allocation.cpp:389), pid=4772, tid=0x0000000000001470
#
# JRE version: OpenJDK Runtime Environment (8.0_242-b01) (build 1.8.0_242-release-1644-b01)
# Java VM: OpenJDK 64-Bit Server VM (25.242-b01 mixed mode windows-amd64 compressed oops)
# Failed to write core dump. Minidumps are not enabled by default on client versions of Windows
#

---------------  T H R E A D  ---------------

Current thread (0x00000000160bb800):  JavaThread "C2 CompilerThread1" daemon [_thread_in_native, id=5232, stack(0x0000000017800000,0x0000000017900000)]

Stack: [0x0000000017800000,0x0000000017900000]
[error occurred during error reporting (printing stack bounds), id 0xc0000005]

Native frames: (J=compiled Java code, j=interpreted, Vv=VM code, C=native code)


Current CompileTask:
C2:1548431 20338   !   4       org.gradle.internal.operations.DefaultBuildOperationExecutor::run (28 bytes)


---------------  P R O C E S S  ---------------

Java Threads: ( => current thread )
  0x000000001d3ee000 JavaThread "Cache worker for Build Output Cleanup Cache (C:\Users\Zain Ul Abidin\Documents\AndroidStudioProjects\bot_app\android\.gradle\buildOutputCleanup)" [_thread_blocked, id=2544, stack(0x0000000022180000,0x0000000022280000)]
  0x000000001d3ee800 JavaThread "Build operations Thread 4" [_thread_blocked, id=8096, stack(0x0000000022080000,0x0000000022180000)]
  0x000000001d3ed000 JavaThread "Build operations Thread 3" [_thread_blocked, id=916, stack(0x0000000021f80000,0x0000000022080000)]
  0x000000001d3e6800 JavaThread "Build operations Thread 2" [_thread_blocked, id=3988, stack(0x0000000021e80000,0x0000000021f80000)]
  0x000000001d3eb800 JavaThread "Build operations" [_thread_blocked, id=8868, stack(0x0000000021d80000,0x0000000021e80000)]
  0x000000001d3eb000 JavaThread "Cache worker for cache directory md-rule (C:\Users\Zain Ul Abidin\.gradle\caches\5.6.2\md-rule)" [_thread_blocked, id=8304, stack(0x0000000021880000,0x0000000021980000)]
  0x000000001d3e9800 JavaThread "Cache worker for cache directory md-supplier (C:\Users\Zain Ul Abidin\.gradle\caches\5.6.2\md-supplier)" [_thread_blocked, id=6148, stack(0x0000000020280000,0x0000000020380000)]
  0x000000001d3e0800 JavaThread "Cache worker for file hash cache (C:\Users\Zain Ul Abidin\Documents\AndroidStudioProjects\bot_app\android\.gradle\5.6.2\fileHashes)" [_thread_blocked, id=6672, stack(0x0000000020180000,0x0000000020280000)]
  0x000000001d3e1000 JavaThread "Thread-42" [_thread_blocked, id=3096, stack(0x000000001cff0000,0x000000001d0f0000)]
  0x000000001d3e5800 JavaThread "Stdin handler" [_thread_blocked, id=2548, stack(0x000000001b920000,0x000000001ba20000)]
  0x000000001d3e5000 JavaThread "Asynchronous log dispatcher for DefaultDaemonConnection: socket connection from /127.0.0.1:54548 to /127.0.0.1:55805" [_thread_blocked, id=9328, stack(0x000000001b620000,0x000000001b720000)]
  0x000000001d3e4000 JavaThread "Daemon worker Thread 2" [_thread_in_native, id=3908, stack(0x000000001b520000,0x000000001b620000)]
  0x000000001d3e7000 JavaThread "Cancel handler" [_thread_blocked, id=3700, stack(0x000000001b220000,0x000000001b320000)]
  0x000000001d3e2800 JavaThread "Handler for socket connection from /127.0.0.1:54548 to /127.0.0.1:55805" [_thread_in_native, id=5960, stack(0x000000001b120000,0x000000001b220000)]
  0x000000001d3e2000 JavaThread "Daemon Thread 2" [_thread_blocked, id=1296, stack(0x0000000000b10000,0x0000000000c10000)]
  0x000000001d3e3800 JavaThread "RMI Reaper" [_thread_blocked, id=4996, stack(0x0000000028f50000,0x0000000029050000)]
  0x000000001d9ba000 JavaThread "RMI TCP Accept-0" daemon [_thread_in_native, id=3188, stack(0x0000000028e50000,0x0000000028f50000)]
  0x0000000019a7d800 JavaThread "GC Daemon" daemon [_thread_blocked, id=10188, stack(0x0000000028d50000,0x0000000028e50000)]
  0x0000000019a81800 JavaThread "RMI Scheduler(0)" daemon [_thread_blocked, id=6468, stack(0x0000000028950000,0x0000000028a50000)]
  0x0000000019a7c000 JavaThread "Cache worker for Java compile cache (C:\Users\Zain Ul Abidin\.gradle\caches\5.6.2\javaCompile)" [_thread_blocked, id=4552, stack(0x0000000027710000,0x0000000027810000)]
  0x000000001d9b7000 JavaThread "Cache worker for file content cache (C:\Users\Zain Ul Abidin\.gradle\caches\5.6.2\fileContent)" [_thread_blocked, id=7368, stack(0x0000000023480000,0x0000000023580000)]
  0x000000001d9b4800 JavaThread "Memory manager" [_thread_blocked, id=560, stack(0x0000000023380000,0x0000000023480000)]
  0x000000001d9b1800 JavaThread "Cache worker for execution history cache (C:\Users\Zain Ul Abidin\.gradle\caches\5.6.2\executionHistory)" [_thread_blocked, id=10136, stack(0x0000000021380000,0x0000000021480000)]
  0x00000000182ad000 JavaThread "Cache worker for journal cache (C:\Users\Zain Ul Abidin\.gradle\caches\journal-1)" [_thread_blocked, id=10160, stack(0x000000001bc20000,0x000000001bd20000)]
  0x00000000182a9800 JavaThread "File lock request listener" [_thread_in_native, id=8644, stack(0x000000001bb20000,0x000000001bc20000)]
  0x00000000184cf000 JavaThread "Cache worker for file hash cache (C:\Users\Zain Ul Abidin\.gradle\caches\5.6.2\fileHashes)" [_thread_blocked, id=3432, stack(0x000000001ba20000,0x000000001bb20000)]
  0x0000000017c8b800 JavaThread "Daemon periodic checks" [_thread_blocked, id=7128, stack(0x000000001b020000,0x000000001b120000)]
  0x0000000018a06800 JavaThread "Incoming local TCP Connector on port 54548" [_thread_in_native, id=9272, stack(0x000000001ade0000,0x000000001aee0000)]
  0x00000000199dc800 JavaThread "Daemon health stats" [_thread_blocked, id=9624, stack(0x000000001a7a0000,0x000000001a8a0000)]
  0x0000000017a31000 JavaThread "Service Thread" daemon [_thread_blocked, id=5752, stack(0x0000000017e00000,0x0000000017f00000)]
  0x00000000160c3000 JavaThread "C1 CompilerThread2" daemon [_thread_blocked, id=1444, stack(0x0000000017900000,0x0000000017a00000)]
=>0x00000000160bb800 JavaThread "C2 CompilerThread1" daemon [_thread_in_native, id=5232, stack(0x0000000017800000,0x0000000017900000)]
  0x00000000160b9000 JavaThread "C2 CompilerThread0" daemon [_thread_in_native, id=9556, stack(0x0000000017700000,0x0000000017800000)]
  0x00000000160b7000 JavaThread "Attach Listener" daemon [_thread_blocked, id=3292, stack(0x0000000017600000,0x0000000017700000)]
  0x00000000160b5800 JavaThread "Signal Dispatcher" daemon [_thread_blocked, id=2728, stack(0x0000000017500000,0x0000000017600000)]
  0x00000000026ec800 JavaThread "Finalizer" daemon [_thread_blocked, id=2252, stack(0x0000000017300000,0x0000000017400000)]
  0x0000000016099000 JavaThread "Reference Handler" daemon [_thread_blocked, id=9464, stack(0x0000000017200000,0x0000000017300000)]
  0x000000000273e800 JavaThread "main" [_thread_blocked, id=3824, stack(0x00000000024d0000,0x00000000025d0000)]

Other Threads:
  0x0000000016077800 VMThread [stack: 0x0000000017100000,0x0000000017200000] [id=6256]
  0x000000001610d800 WatcherThread [stack: 0x0000000017f00000,0x0000000018000000] [id=3756]

VM state:not at safepoint (normal execution)

VM Mutex/Monitor currently owned by a thread: None

OutOfMemory and StackOverflow Exception counts:
OutOfMemoryError java_heap_errors=1

heap address: 0x00000000a0000000, size: 1536 MB, Compressed Oops mode: 32-bit
Narrow klass base: 0x0000000000000000, Narrow klass shift: 3
Compressed class space size: 1073741824 Address: 0x0000000100000000

Heap:
 PSYoungGen      total 321536K, used 67495K [0x00000000e0000000, 0x00000000f5c80000, 0x0000000100000000)
  eden space 294400K, 13% used [0x00000000e0000000,0x00000000e276c500,0x00000000f1f80000)
  from space 27136K, 99% used [0x00000000f3f80000,0x00000000f59fd7c0,0x00000000f5a00000)
  to   space 31232K, 0% used [0x00000000f1f80000,0x00000000f1f80000,0x00000000f3e00000)
 ParOldGen       total 177664K, used 67237K [0x00000000a0000000, 0x00000000aad80000, 0x00000000e0000000)
  object space 177664K, 37% used [0x00000000a0000000,0x00000000a41a9418,0x00000000aad80000)
 Metaspace       used 102988K, capacity 107398K, committed 107776K, reserved 1142784K
  class space    used 13193K, capacity 14205K, committed 14336K, reserved 1048576K

Card table byte_map: [0x0000000011b00000,0x0000000011e10000] byte_map_base: 0x0000000011600000

Marking Bits: (ParMarkBitMap*) 0x000000005df5f030
 Begin Bits: [0x0000000012410000, 0x0000000013c10000)
 End Bits:   [0x0000000013c10000, 0x0000000015410000)

Polling page: 0x0000000000730000

CodeCache: size=245760Kb used=57744Kb max_used=57744Kb free=188015Kb
 bounds [0x0000000002740000, 0x0000000005ff0000, 0x0000000011740000]
 total_blobs=17642 nmethods=16698 adapters=853
 compilation: enabled

Compilation events (10 events):
Event: 1548.423 Thread 0x00000000160c3000 20462       3       org.gradle.api.internal.project.taskfactory.TaskFactory$1::<init> (26 bytes)
Event: 1548.423 Thread 0x00000000160c3000 nmethod 20462 0x0000000005fe4810 code [0x0000000005fe4960, 0x0000000005fe4b70]
Event: 1548.423 Thread 0x00000000160c3000 20463   !   3       org.gradle.api.internal.AbstractTask::injectIntoNewInstance (45 bytes)
Event: 1548.425 Thread 0x00000000160c3000 nmethod 20463 0x0000000005fe4c50 code [0x0000000005fe4f00, 0x0000000005fe62b8]
Event: 1548.425 Thread 0x00000000160c3000 20464       3       org.gradle.api.internal.AbstractTask$TaskInfo::<init> (7 bytes)
Event: 1548.425 Thread 0x00000000160c3000 nmethod 20464 0x0000000005fe6e10 code [0x0000000005fe6f80, 0x0000000005fe71b0]
Event: 1548.425 Thread 0x00000000160c3000 20457       3       com.android.build.gradle.internal.scope.ProducersMap$Producers$injectable$1::transform (23 bytes)
Event: 1548.426 Thread 0x00000000160c3000 nmethod 20457 0x0000000005fe72d0 code [0x0000000005fe7460, 0x0000000005fe7878]
Event: 1548.426 Thread 0x00000000160c3000 20465       1       com.android.build.gradle.tasks.ProcessLibraryManifest::getManifestOutputFile (5 bytes)
Event: 1548.426 Thread 0x00000000160c3000 nmethod 20465 0x0000000005fe7a10 code [0x0000000005fe7b60, 0x0000000005fe7c70]

GC Heap History (10 events):
Event: 111.518 GC heap before
{Heap before GC invocations=26 (full 4):
 PSYoungGen      total 231424K, used 211802K [0x00000000e0000000, 0x00000000f1780000, 0x0000000100000000)
  eden space 205824K, 100% used [0x00000000e0000000,0x00000000ec900000,0x00000000ec900000)
  from space 25600K, 23% used [0x00000000ec900000,0x00000000eced6ad8,0x00000000ee200000)
  to   space 25088K, 0% used [0x00000000eff00000,0x00000000eff00000,0x00000000f1780000)
 ParOldGen       total 177664K, used 66480K [0x00000000a0000000, 0x00000000aad80000, 0x00000000e0000000)
  object space 177664K, 37% used [0x00000000a0000000,0x00000000a40ec080,0x00000000aad80000)
 Metaspace       used 84344K, capacity 87564K, committed 87936K, reserved 1126400K
  class space    used 10980K, capacity 11754K, committed 11904K, reserved 1048576K
Event: 111.554 GC heap after
Heap after GC invocations=26 (full 4):
 PSYoungGen      total 252928K, used 13917K [0x00000000e0000000, 0x00000000f1300000, 0x0000000100000000)
  eden space 232448K, 0% used [0x00000000e0000000,0x00000000e0000000,0x00000000ee300000)
  from space 20480K, 67% used [0x00000000eff00000,0x00000000f0c97510,0x00000000f1300000)
  to   space 24576K, 0% used [0x00000000ee300000,0x00000000ee300000,0x00000000efb00000)
 ParOldGen       total 177664K, used 66488K [0x00000000a0000000, 0x00000000aad80000, 0x00000000e0000000)
  object space 177664K, 37% used [0x00000000a0000000,0x00000000a40ee080,0x00000000aad80000)
 Metaspace       used 84344K, capacity 87564K, committed 87936K, reserved 1126400K
  class space    used 10980K, capacity 11754K, committed 11904K, reserved 1048576K
}
Event: 115.753 GC heap before
{Heap before GC invocations=27 (full 4):
 PSYoungGen      total 252928K, used 246365K [0x00000000e0000000, 0x00000000f1300000, 0x0000000100000000)
  eden space 232448K, 100% used [0x00000000e0000000,0x00000000ee300000,0x00000000ee300000)
  from space 20480K, 67% used [0x00000000eff00000,0x00000000f0c97510,0x00000000f1300000)
  to   space 24576K, 0% used [0x00000000ee300000,0x00000000ee300000,0x00000000efb00000)
 ParOldGen       total 177664K, used 66488K [0x00000000a0000000, 0x00000000aad80000, 0x00000000e0000000)
  object space 177664K, 37% used [0x00000000a0000000,0x00000000a40ee080,0x00000000aad80000)
 Metaspace       used 85742K, capacity 89006K, committed 89216K, reserved 1126400K
  class space    used 11025K, capacity 11823K, committed 11904K, reserved 1048576K
Event: 115.810 GC heap after
Heap after GC invocations=27 (full 4):
 PSYoungGen      total 257024K, used 19091K [0x00000000e0000000, 0x00000000f3480000, 0x0000000100000000)
  eden space 232448K, 0% used [0x00000000e0000000,0x00000000e0000000,0x00000000ee300000)
  from space 24576K, 77% used [0x00000000ee300000,0x00000000ef5a4c40,0x00000000efb00000)
  to   space 26112K, 0% used [0x00000000f1b00000,0x00000000f1b00000,0x00000000f3480000)
 ParOldGen       total 177664K, used 66496K [0x00000000a0000000, 0x00000000aad80000, 0x00000000e0000000)
  object space 177664K, 37% used [0x00000000a0000000,0x00000000a40f0080,0x00000000aad80000)
 Metaspace       used 85742K, capacity 89006K, committed 89216K, reserved 1126400K
  class space    used 11025K, capacity 11823K, committed 11904K, reserved 1048576K
}
Event: 116.453 GC heap before
{Heap before GC invocations=28 (full 4):
 PSYoungGen      total 257024K, used 251539K [0x00000000e0000000, 0x00000000f3480000, 0x0000000100000000)
  eden space 232448K, 100% used [0x00000000e0000000,0x00000000ee300000,0x00000000ee300000)
  from space 24576K, 77% used [0x00000000ee300000,0x00000000ef5a4c40,0x00000000efb00000)
  to   space 26112K, 0% used [0x00000000f1b00000,0x00000000f1b00000,0x00000000f3480000)
 ParOldGen       total 177664K, used 66496K [0x00000000a0000000, 0x00000000aad80000, 0x00000000e0000000)
  object space 177664K, 37% used [0x00000000a0000000,0x00000000a40f0080,0x00000000aad80000)
 Metaspace       used 85782K, capacity 89118K, committed 89216K, reserved 1126400K
  class space    used 11032K, capacity 11833K, committed 11904K, reserved 1048576K
Event: 116.481 GC heap after
Heap after GC invocations=28 (full 4):
 PSYoungGen      total 289280K, used 16476K [0x00000000e0000000, 0x00000000f4000000, 0x0000000100000000)
  eden space 263168K, 0% used [0x00000000e0000000,0x00000000e0000000,0x00000000f0100000)
  from space 26112K, 63% used [0x00000000f1b00000,0x00000000f2b171e8,0x00000000f3480000)
  to   space 26624K, 0% used [0x00000000f0100000,0x00000000f0100000,0x00000000f1b00000)
 ParOldGen       total 177664K, used 66504K [0x00000000a0000000, 0x00000000aad80000, 0x00000000e0000000)
  object space 177664K, 37% used [0x00000000a0000000,0x00000000a40f2080,0x00000000aad80000)
 Metaspace       used 85782K, capacity 89118K, committed 89216K, reserved 1126400K
  class space    used 11032K, capacity 11833K, committed 11904K, reserved 1048576K
}
Event: 118.724 GC heap before
{Heap before GC invocations=29 (full 4):
 PSYoungGen      total 289280K, used 279644K [0x00000000e0000000, 0x00000000f4000000, 0x0000000100000000)
  eden space 263168K, 100% used [0x00000000e0000000,0x00000000f0100000,0x00000000f0100000)
  from space 26112K, 63% used [0x00000000f1b00000,0x00000000f2b171e8,0x00000000f3480000)
  to   space 26624K, 0% used [0x00000000f0100000,0x00000000f0100000,0x00000000f1b00000)
 ParOldGen       total 177664K, used 66504K [0x00000000a0000000, 0x00000000aad80000, 0x00000000e0000000)
  object space 177664K, 37% used [0x00000000a0000000,0x00000000a40f2080,0x00000000aad80000)
 Metaspace       used 88107K, capacity 91484K, committed 91776K, reserved 1128448K
  class space    used 11332K, capacity 12126K, committed 12160K, reserved 1048576K
Event: 118.777 GC heap after
Heap after GC invocations=29 (full 4):
 PSYoungGen      total 289792K, used 18223K [0x00000000e0000000, 0x00000000f5a00000, 0x0000000100000000)
  eden space 263168K, 0% used [0x00000000e0000000,0x00000000e0000000,0x00000000f0100000)
  from space 26624K, 68% used [0x00000000f0100000,0x00000000f12cbdd0,0x00000000f1b00000)
  to   space 27136K, 0% used [0x00000000f3f80000,0x00000000f3f80000,0x00000000f5a00000)
 ParOldGen       total 177664K, used 66512K [0x00000000a0000000, 0x00000000aad80000, 0x00000000e0000000)
  object space 177664K, 37% used [0x00000000a0000000,0x00000000a40f4080,0x00000000aad80000)
 Metaspace       used 88107K, capacity 91484K, committed 91776K, reserved 1128448K
  class space    used 11332K, capacity 12126K, committed 12160K, reserved 1048576K
}
Event: 1546.533 GC heap before
{Heap before GC invocations=30 (full 4):
 PSYoungGen      total 289792K, used 281391K [0x00000000e0000000, 0x00000000f5a00000, 0x0000000100000000)
  eden space 263168K, 100% used [0x00000000e0000000,0x00000000f0100000,0x00000000f0100000)
  from space 26624K, 68% used [0x00000000f0100000,0x00000000f12cbdd0,0x00000000f1b00000)
  to   space 27136K, 0% used [0x00000000f3f80000,0x00000000f3f80000,0x00000000f5a00000)
 ParOldGen       total 177664K, used 66512K [0x00000000a0000000, 0x00000000aad80000, 0x00000000e0000000)
  object space 177664K, 37% used [0x00000000a0000000,0x00000000a40f4080,0x00000000aad80000)
 Metaspace       used 102617K, capacity 106946K, committed 107136K, reserved 1142784K
  class space    used 13165K, capacity 14125K, committed 14208K, reserved 1048576K
Event: 1546.627 GC heap after
Heap after GC invocations=30 (full 4):
 PSYoungGen      total 321536K, used 27125K [0x00000000e0000000, 0x00000000f5c80000, 0x0000000100000000)
  eden space 294400K, 0% used [0x00000000e0000000,0x00000000e0000000,0x00000000f1f80000)
  from space 27136K, 99% used [0x00000000f3f80000,0x00000000f59fd7c0,0x00000000f5a00000)
  to   space 31232K, 0% used [0x00000000f1f80000,0x00000000f1f80000,0x00000000f3e00000)
 ParOldGen       total 177664K, used 67237K [0x00000000a0000000, 0x00000000aad80000, 0x00000000e0000000)
  object space 177664K, 37% used [0x00000000a0000000,0x00000000a41a9418,0x00000000aad80000)
 Metaspace       used 102617K, capacity 106946K, committed 107136K, reserved 1142784K
  class space    used 13165K, capacity 14125K, committed 14208K, reserved 1048576K
}

Deoptimization events (10 events):
Event: 1546.462 Thread 0x000000001d3e4000 Uncommon trap: reason=unstable_if action=reinterpret pc=0x0000000002b24e20 method=com.google.common.collect.Hashing.smearedHash(Ljava/lang/Object;)I @ 1
Event: 1546.462 Thread 0x000000001d3e4000 Uncommon trap: reason=unstable_if action=reinterpret pc=0x0000000002c7af14 method=com.google.common.collect.Hashing.smearedHash(Ljava/lang/Object;)I @ 1
Event: 1546.466 Thread 0x000000001d3e4000 Uncommon trap: reason=unstable_if action=reinterpret pc=0x00000000045b7744 method=com.google.common.collect.Hashing.smearedHash(Ljava/lang/Object;)I @ 1
Event: 1546.479 Thread 0x000000001d3e4000 Uncommon trap: reason=unstable_if action=reinterpret pc=0x0000000004e32b5c method=com.google.common.collect.ImmutableSortedSet.emptySet(Ljava/util/Comparator;)Lcom/google/common/collect/RegularImmutableSortedSet; @ 7
Event: 1546.628 Thread 0x0000000016099000 Uncommon trap: reason=unstable_if action=reinterpret pc=0x00000000028fa838 method=java.lang.ref.Reference.tryHandlePending(Z)Z @ 20
Event: 1546.641 Thread 0x000000001d3e4000 Uncommon trap: reason=class_check action=maybe_recompile pc=0x0000000005accee8 method=java.util.Collections$SetFromMap.<init>(Ljava/util/Map;)V @ 5
Event: 1547.394 Thread 0x000000001d3e4000 Uncommon trap: reason=unstable_if action=reinterpret pc=0x00000000032e08a8 method=java.io.LineNumberReader.read([CII)I @ 39
Event: 1547.469 Thread 0x000000001d3e4000 Uncommon trap: reason=null_check action=make_not_entrant pc=0x0000000005835db0 method=org.gradle.api.internal.collections.CollectionFilter.filter(Ljava/lang/Object;)Ljava/lang/Object; @ 5
Event: 1547.524 Thread 0x000000001d3e4000 Uncommon trap: reason=class_check action=maybe_recompile pc=0x0000000005accee8 method=java.util.Collections$SetFromMap.<init>(Ljava/util/Map;)V @ 5
Event: 1547.533 Thread 0x000000001d3e4000 Uncommon trap: reason=class_check action=maybe_recompile pc=0x0000000005accee8 method=java.util.Collections$SetFromMap.<init>(Ljava/util/Map;)V @ 5

Classes redefined (0 events):
No events

Internal exceptions (10 events):
Event: 142.769 Thread 0x0000000017df8000 Exception <a 'java/lang/NoSuchMethodError': <clinit>> (0x00000000ee4a6828) thrown at [C:\src\AOSP-openjdk-git\hotspot\src\share\vm\prims\jni.cpp, line 1615]
Event: 142.769 Thread 0x0000000017df8000 Exception <a 'java/lang/NoSuchMethodError': <clinit>> (0x00000000ee4a8cd8) thrown at [C:\src\AOSP-openjdk-git\hotspot\src\share\vm\prims\jni.cpp, line 1615]
Event: 142.770 Thread 0x0000000017df8000 Exception <a 'java/lang/NoSuchMethodError': <clinit>> (0x00000000ee4b8df8) thrown at [C:\src\AOSP-openjdk-git\hotspot\src\share\vm\prims\jni.cpp, line 1615]
Event: 142.771 Thread 0x0000000017df8000 Exception <a 'java/lang/NoSuchMethodError': <clinit>> (0x00000000ee4c41a8) thrown at [C:\src\AOSP-openjdk-git\hotspot\src\share\vm\prims\jni.cpp, line 1615]
Event: 1546.384 Thread 0x000000001d3e4000 Implicit null exception at 0x00000000030c1a82 to 0x00000000030c4105
Event: 1546.462 Thread 0x000000001d3e4000 Implicit null exception at 0x00000000040c12b4 to 0x00000000040c1541
Event: 1546.462 Thread 0x000000001d3e4000 Implicit null exception at 0x0000000002b24875 to 0x0000000002b24e01
Event: 1546.462 Thread 0x000000001d3e4000 Implicit null exception at 0x0000000002c7ad14 to 0x0000000002c7af09
Event: 1546.466 Thread 0x000000001d3e4000 Implicit null exception at 0x00000000045b76af to 0x00000000045b7736
Event: 1547.469 Thread 0x000000001d3e4000 Implicit null exception at 0x0000000005835c63 to 0x0000000005835d9d

Events (10 events):
Event: 1547.533 Thread 0x000000001d3e4000 DEOPT PACKING pc=0x0000000005accee8 sp=0x000000001b616c40
Event: 1547.533 Thread 0x000000001d3e4000 DEOPT UNPACKING pc=0x000000000278557b sp=0x000000001b616bd8 mode 2
Event: 1547.667 Executing VM operation: RevokeBias
Event: 1547.670 Executing VM operation: RevokeBias done
Event: 1547.796 Executing VM operation: RevokeBias
Event: 1547.797 Executing VM operation: RevokeBias done
Event: 1548.238 loading class org/gradle/internal/Describables$1
Event: 1548.238 loading class org/gradle/internal/Describables$1 done
Event: 1548.343 Thread 0x000000001d3e4000 DEOPT PACKING pc=0x0000000002e09022 sp=0x000000001b61aa40
Event: 1548.343 Thread 0x000000001d3e4000 DEOPT UNPACKING pc=0x00000000027875d0 sp=0x000000001b61a7a8 mode 0


Dynamic libraries:
0x00007ff7ed350000 - 0x00007ff7ed381000 	C:\Program Files\Android\Android Studio\jre\bin\java.exe
0x00007ffdd9190000 - 0x00007ffdd9386000 	C:\WINDOWS\SYSTEM32\ntdll.dll
0x00007ffdd8f60000 - 0x00007ffdd901d000 	C:\WINDOWS\System32\KERNEL32.DLL
0x00007ffdd68d0000 - 0x00007ffdd6b99000 	C:\WINDOWS\System32\KERNELBASE.dll
0x00007ffdd8eb0000 - 0x00007ffdd8f5c000 	C:\WINDOWS\System32\ADVAPI32.dll
0x00007ffdd7390000 - 0x00007ffdd742e000 	C:\WINDOWS\System32\msvcrt.dll
0x00007ffdd8cf0000 - 0x00007ffdd8d8c000 	C:\WINDOWS\System32\sechost.dll
0x00007ffdd8320000 - 0x00007ffdd844b000 	C:\WINDOWS\System32\RPCRT4.dll
0x00007ffdd71f0000 - 0x00007ffdd7390000 	C:\WINDOWS\System32\USER32.dll
0x00007ffdd6ba0000 - 0x00007ffdd6bc2000 	C:\WINDOWS\System32\win32u.dll
0x00007ffdd8c40000 - 0x00007ffdd8c6a000 	C:\WINDOWS\System32\GDI32.dll
0x00007ffdd6eb0000 - 0x00007ffdd6fb9000 	C:\WINDOWS\System32\gdi32full.dll
0x00007ffdd6bd0000 - 0x00007ffdd6c6d000 	C:\WINDOWS\System32\msvcp_win.dll
0x00007ffdd70f0000 - 0x00007ffdd71f0000 	C:\WINDOWS\System32\ucrtbase.dll
0x00007ffdc5340000 - 0x00007ffdc55db000 	C:\WINDOWS\WinSxS\amd64_microsoft.windows.common-controls_6595b64144ccf1df_6.0.19041.488_none_ca04af081b815d21\COMCTL32.dll
0x00007ffdd74d0000 - 0x00007ffdd7500000 	C:\WINDOWS\System32\IMM32.DLL
0x0000000066d20000 - 0x0000000066df2000 	C:\Program Files\Android\Android Studio\jre\jre\bin\msvcr100.dll
0x000000005d790000 - 0x000000005dfdb000 	C:\Program Files\Android\Android Studio\jre\jre\bin\server\jvm.dll
0x00007ffdd7610000 - 0x00007ffdd7618000 	C:\WINDOWS\System32\PSAPI.DLL
0x00007ffdca040000 - 0x00007ffdca067000 	C:\WINDOWS\SYSTEM32\WINMM.dll
0x00007ffdca390000 - 0x00007ffdca39a000 	C:\WINDOWS\SYSTEM32\VERSION.dll
0x00007ffdcfb30000 - 0x00007ffdcfb39000 	C:\WINDOWS\SYSTEM32\WSOCK32.dll
0x00007ffdd7b60000 - 0x00007ffdd7bcb000 	C:\WINDOWS\System32\WS2_32.dll
0x00007ffdc4020000 - 0x00007ffdc402f000 	C:\Program Files\Android\Android Studio\jre\jre\bin\verify.dll
0x00007ffdc32f0000 - 0x00007ffdc3319000 	C:\Program Files\Android\Android Studio\jre\jre\bin\java.dll
0x00007ffdc3890000 - 0x00007ffdc38a6000 	C:\Program Files\Android\Android Studio\jre\jre\bin\zip.dll
0x00007ffdd7bd0000 - 0x00007ffdd8312000 	C:\WINDOWS\System32\SHELL32.dll
0x00007ffdd3f50000 - 0x00007ffdd46e5000 	C:\WINDOWS\SYSTEM32\windows.storage.dll
0x00007ffdd8450000 - 0x00007ffdd87a6000 	C:\WINDOWS\System32\combase.dll
0x00007ffdd6340000 - 0x00007ffdd636c000 	C:\WINDOWS\SYSTEM32\Wldp.dll
0x00007ffdd7500000 - 0x00007ffdd75ae000 	C:\WINDOWS\System32\SHCORE.dll
0x00007ffdd78e0000 - 0x00007ffdd7935000 	C:\WINDOWS\System32\shlwapi.dll
0x00007ffdd6800000 - 0x00007ffdd6826000 	C:\WINDOWS\SYSTEM32\profapi.dll
0x00007ffdc29c0000 - 0x00007ffdc29da000 	C:\Program Files\Android\Android Studio\jre\jre\bin\net.dll
0x00007ffdd60c0000 - 0x00007ffdd612a000 	C:\WINDOWS\system32\mswsock.dll
0x00007ffdc2920000 - 0x00007ffdc2933000 	C:\Program Files\Android\Android Studio\jre\jre\bin\nio.dll
0x00007ffdd0440000 - 0x00007ffdd0466000 	C:\Users\Zain Ul Abidin\.gradle\native\30\windows-amd64\native-platform.dll
0x00007ffdc36f0000 - 0x00007ffdc36fd000 	C:\Program Files\Android\Android Studio\jre\jre\bin\management.dll
0x00007ffdd6290000 - 0x00007ffdd62a8000 	C:\WINDOWS\SYSTEM32\CRYPTSP.dll
0x00007ffdd59e0000 - 0x00007ffdd5a14000 	C:\WINDOWS\system32\rsaenh.dll
0x00007ffdd7070000 - 0x00007ffdd7097000 	C:\WINDOWS\System32\bcrypt.dll
0x00007ffdd6780000 - 0x00007ffdd67ae000 	C:\WINDOWS\SYSTEM32\USERENV.dll
0x00007ffdd6c70000 - 0x00007ffdd6cf0000 	C:\WINDOWS\System32\bcryptprimitives.dll
0x00007ffdd62b0000 - 0x00007ffdd62bc000 	C:\WINDOWS\SYSTEM32\CRYPTBASE.dll
0x00007ffdd5d60000 - 0x00007ffdd5d9b000 	C:\WINDOWS\SYSTEM32\IPHLPAPI.DLL
0x00007ffdd7b50000 - 0x00007ffdd7b58000 	C:\WINDOWS\System32\NSI.dll
0x00007ffdcd740000 - 0x00007ffdcd757000 	C:\WINDOWS\SYSTEM32\dhcpcsvc6.DLL
0x00007ffdcf980000 - 0x00007ffdcf99d000 	C:\WINDOWS\SYSTEM32\dhcpcsvc.DLL
0x00007ffdd5db0000 - 0x00007ffdd5e7b000 	C:\WINDOWS\SYSTEM32\DNSAPI.dll
0x00007ffdc1190000 - 0x00007ffdc11b4000 	C:\Program Files\Android\Android Studio\jre\jre\bin\sunec.dll
0x00007ffdc7940000 - 0x00007ffdc794a000 	C:\Windows\System32\rasadhlp.dll
0x00007ffdc8280000 - 0x00007ffdc82ff000 	C:\WINDOWS\System32\fwpuclnt.dll
0x00007ffdc3900000 - 0x00007ffdc390b000 	C:\Program Files\Android\Android Studio\jre\jre\bin\sunmscapi.dll
0x00007ffdd6d50000 - 0x00007ffdd6ead000 	C:\WINDOWS\System32\CRYPT32.dll
0x00007ffdd3430000 - 0x00007ffdd34c0000 	C:\WINDOWS\system32\apphelp.dll
0x00007ffdc3320000 - 0x00007ffdc333e000 	C:\Users\Zain Ul Abidin\AppData\Local\Temp\native-platform3663682284598743798dir\native-platform.dll

VM Arguments:
jvm_args: -Xmx1536M -Dfile.encoding=windows-1252 -Duser.country=US -Duser.language=en -Duser.variant 
java_command: org.gradle.launcher.daemon.bootstrap.GradleDaemon 5.6.2
java_class_path (initial): C:\Users\Zain Ul Abidin\.gradle\wrapper\dists\gradle-5.6.2-all\9st6wgf78h16so49nn74lgtbb\gradle-5.6.2\lib\gradle-launcher-5.6.2.jar
Launcher Type: SUN_STANDARD

Environment Variables:
JAVA_HOME=C:\Program Files\Android\Android Studio\jre
CLASSPATH=C:\Users\Zain Ul Abidin\Documents\AndroidStudioProjects\bot_app\android\\gradle\wrapper\gradle-wrapper.jar
PATH=C:\Program Files (x86)\Common Files\Intel\Shared Libraries\redist\intel64\compiler;C:\WINDOWS\system32;C:\WINDOWS;C:\WINDOWS\System32\Wbem;C:\WINDOWS\System32\WindowsPowerShell\v1.0\;C:\WINDOWS\System32\OpenSSH\;C:\Program Files\Git\cmd;C:\Users\Zain Ul Abidin\AppData\Local\Microsoft\WindowsApps;C:\src\flutter\bin;C:\Program Files\Git\bin\git.exe;C:\Program Files\Git\cmd;C:\Users\Zain Ul Abidin\AppData\Local\Android\sdk\platform-tools
USERNAME=Zain Ul Abidin
OS=Windows_NT
PROCESSOR_IDENTIFIER=Intel64 Family 6 Model 69 Stepping 1, GenuineIntel



---------------  S Y S T E M  ---------------

OS: Windows 10.0 , 64 bit Build 19041 (10.0.19041.662)

CPU:total 4 (initial active 4) (2 cores per cpu, 2 threads per core) family 6 model 69 stepping 1, cmov, cx8, fxsr, mmx, sse, sse2, sse3, ssse3, sse4.1, sse4.2, popcnt, avx, avx2, aes, clmul, erms, lzcnt, ht, tsc, tscinvbit, bmi1, bmi2

Memory: 4k page, physical 8068776k(462296k free), swap 18013232k(4072k free)

vm_info: OpenJDK 64-Bit Server VM (25.242-b01) for windows-amd64 JRE (1.8.0_242-release-1644-b01), built by "builder" with MS VC++ 10.0 (VS2010)

time: Thu Feb 25 19:09:40 2021
timezone: Pakistan Standard Time
elapsed time: 1548 seconds (0d 0h 25m 48s)

